<?xml version="1.0" encoding="UTF-8"?>
<testng-results skipped="0" failed="0" ignored="0" total="1" passed="1">
  <reporter-output>
  </reporter-output>
  <suite name="Suite" duration-ms="1675" started-at="2023-06-12T17:13:13 BDT" finished-at="2023-06-12T17:13:15 BDT">
    <groups>
      <group name="cucumber">
        <method signature="AbstractTestNGCucumberTests.runScenario(io.cucumber.testng.PickleWrapper, io.cucumber.testng.FeatureWrapper)[pri:0, instance:TestRunner.CucumberRunner$CucumberRunnerTests@5e316c74]" name="runScenario" class="io.cucumber.testng.AbstractTestNGCucumberTests"/>
      </group> <!-- cucumber -->
    </groups>
    <test name="Cucumber Test Run" duration-ms="1675" started-at="2023-06-12T17:13:13 BDT" finished-at="2023-06-12T17:13:15 BDT">
      <class name="TestRunner.CucumberRunner$CucumberRunnerTests">
        <test-method status="PASS" signature="setUpClass()[pri:0, instance:TestRunner.CucumberRunner$CucumberRunnerTests@5e316c74]" name="setUpClass" is-config="true" duration-ms="259" started-at="2023-06-12T17:13:13 BDT" finished-at="2023-06-12T17:13:14 BDT">
          <reporter-output>
          </reporter-output>
        </test-method> <!-- setUpClass -->
        <test-method status="PASS" signature="runScenario(io.cucumber.testng.PickleWrapper, io.cucumber.testng.FeatureWrapper)[pri:0, instance:TestRunner.CucumberRunner$CucumberRunnerTests@5e316c74]" name="runScenario" duration-ms="1344" started-at="2023-06-12T17:13:14 BDT" description="Runs Cucumber Scenarios" data-provider="scenarios" finished-at="2023-06-12T17:13:15 BDT">
          <params>
            <param index="0">
              <value>
                <![CDATA["get api check of pages"]]>
              </value>
            </param>
            <param index="1">
              <value>
                <![CDATA["Optional[Get Api Response]"]]>
              </value>
            </param>
          </params>
          <reporter-output>
          </reporter-output>
        </test-method> <!-- runScenario -->
        <test-method status="PASS" signature="tearDownClass()[pri:0, instance:TestRunner.CucumberRunner$CucumberRunnerTests@5e316c74]" name="tearDownClass" is-config="true" duration-ms="57" started-at="2023-06-12T17:13:15 BDT" finished-at="2023-06-12T17:13:15 BDT">
          <reporter-output>
          </reporter-output>
        </test-method> <!-- tearDownClass -->
      </class> <!-- TestRunner.CucumberRunner$CucumberRunnerTests -->
    </test> <!-- Cucumber Test Run -->
  </suite> <!-- Suite -->
</testng-results>
